[debug] [2022-08-15T10:12:48.643Z] ----------------------------------------------------------------------
[debug] [2022-08-15T10:12:48.652Z] Command:       C:\Program Files\nodejs\node.exe C:\Users\Abdulazeez Olarewaju\AppData\Local\Yarn\Data\global\node_modules\firebase-tools\lib\bin\firebase.js deploy
[debug] [2022-08-15T10:12:48.653Z] CLI Version:   11.4.2
[debug] [2022-08-15T10:12:48.656Z] Platform:      win32
[debug] [2022-08-15T10:12:48.657Z] Node Version:  v16.16.0
[debug] [2022-08-15T10:12:48.659Z] Time:          Mon Aug 15 2022 11:12:48 GMT+0100 (West Africa Standard Time)
[debug] [2022-08-15T10:12:48.660Z] ----------------------------------------------------------------------
[debug] 
[debug] [2022-08-15T10:12:49.156Z] > command requires scopes: ["email","openid","https://www.googleapis.com/auth/cloudplatformprojects.readonly","https://www.googleapis.com/auth/firebase","https://www.googleapis.com/auth/cloud-platform"]
[debug] [2022-08-15T10:12:49.160Z] > authorizing via signed-in user (oabdulazeez70@gmail.com)
[debug] [2022-08-15T10:12:49.161Z] [iam] checking project swdsl-admin for permissions ["datastore.indexes.create","datastore.indexes.delete","datastore.indexes.list","datastore.indexes.update","firebase.projects.get","firebasehosting.sites.update","firebaserules.releases.create","firebaserules.releases.update","firebaserules.rulesets.create"]
[debug] [2022-08-15T10:12:49.179Z] >>> [apiv2][query] POST https://cloudresourcemanager.googleapis.com/v1/projects/swdsl-admin:testIamPermissions [none]
[debug] [2022-08-15T10:12:49.181Z] >>> [apiv2][(partial)header] POST https://cloudresourcemanager.googleapis.com/v1/projects/swdsl-admin:testIamPermissions x-goog-quota-user=projects/swdsl-admin
[debug] [2022-08-15T10:12:49.182Z] >>> [apiv2][body] POST https://cloudresourcemanager.googleapis.com/v1/projects/swdsl-admin:testIamPermissions {"permissions":["datastore.indexes.create","datastore.indexes.delete","datastore.indexes.list","datastore.indexes.update","firebase.projects.get","firebasehosting.sites.update","firebaserules.releases.create","firebaserules.releases.update","firebaserules.rulesets.create"]}
[debug] [2022-08-15T10:12:50.943Z] <<< [apiv2][status] POST https://cloudresourcemanager.googleapis.com/v1/projects/swdsl-admin:testIamPermissions 200
[debug] [2022-08-15T10:12:50.944Z] <<< [apiv2][body] POST https://cloudresourcemanager.googleapis.com/v1/projects/swdsl-admin:testIamPermissions {"permissions":["datastore.indexes.create","datastore.indexes.delete","datastore.indexes.list","datastore.indexes.update","firebase.projects.get","firebasehosting.sites.update","firebaserules.releases.create","firebaserules.releases.update","firebaserules.rulesets.create"]}
[debug] [2022-08-15T10:12:50.948Z] >>> [apiv2][query] GET https://firebase.googleapis.com/v1beta1/projects/swdsl-admin [none]
[debug] [2022-08-15T10:12:51.461Z] <<< [apiv2][status] GET https://firebase.googleapis.com/v1beta1/projects/swdsl-admin 200
[debug] [2022-08-15T10:12:51.462Z] <<< [apiv2][body] GET https://firebase.googleapis.com/v1beta1/projects/swdsl-admin {"projectId":"swdsl-admin","projectNumber":"688028260680","displayName":"swdsl-admin","name":"projects/swdsl-admin","resources":{"hostingSite":"swdsl-admin","storageBucket":"swdsl-admin.appspot.com","locationId":"us-central"},"state":"ACTIVE","etag":"1_d8420d83-0ce7-4727-b692-ce071ec08f7c"}
[info] 
[info] === Deploying to 'swdsl-admin'...
[info] 
[info] i  deploying storage, firestore, hosting 
[debug] [2022-08-15T10:12:51.483Z] >>> [apiv2][query] GET https://appengine.googleapis.com/v1/apps/swdsl-admin [none]
[debug] [2022-08-15T10:12:52.527Z] <<< [apiv2][status] GET https://appengine.googleapis.com/v1/apps/swdsl-admin 200
[debug] [2022-08-15T10:12:52.528Z] <<< [apiv2][body] GET https://appengine.googleapis.com/v1/apps/swdsl-admin {"name":"apps/swdsl-admin","id":"swdsl-admin","authDomain":"gmail.com","locationId":"us-central","codeBucket":"staging.swdsl-admin.appspot.com","servingStatus":"SERVING","defaultHostname":"swdsl-admin.uc.r.appspot.com","defaultBucket":"swdsl-admin.appspot.com","serviceAccount":"swdsl-admin@appspot.gserviceaccount.com","gcrDomain":"us.gcr.io","databaseType":"CLOUD_FIRESTORE","featureSettings":{"splitHealthChecks":true,"useContainerOptimizedOs":true}}
[info] i  firebase.storage: checking storage.rules for compilation errors... 
[debug] [2022-08-15T10:12:52.544Z] >>> [apiv2][query] POST https://firebaserules.googleapis.com/v1/projects/swdsl-admin:test [none]
[debug] [2022-08-15T10:12:52.545Z] >>> [apiv2][body] POST https://firebaserules.googleapis.com/v1/projects/swdsl-admin:test [omitted]
[debug] [2022-08-15T10:12:53.042Z] <<< [apiv2][status] POST https://firebaserules.googleapis.com/v1/projects/swdsl-admin:test 200
[debug] [2022-08-15T10:12:53.043Z] <<< [apiv2][body] POST https://firebaserules.googleapis.com/v1/projects/swdsl-admin:test {}
[info] +  firebase.storage: rules file storage.rules compiled successfully 
[info] i  firestore: reading indexes from firestore.indexes.json... 
[info] i  cloud.firestore: checking firestore.rules for compilation errors... 
[debug] [2022-08-15T10:12:53.055Z] >>> [apiv2][query] POST https://firebaserules.googleapis.com/v1/projects/swdsl-admin:test [none]
[debug] [2022-08-15T10:12:53.055Z] >>> [apiv2][body] POST https://firebaserules.googleapis.com/v1/projects/swdsl-admin:test [omitted]
[debug] [2022-08-15T10:12:53.981Z] <<< [apiv2][status] POST https://firebaserules.googleapis.com/v1/projects/swdsl-admin:test 200
[debug] [2022-08-15T10:12:53.982Z] <<< [apiv2][body] POST https://firebaserules.googleapis.com/v1/projects/swdsl-admin:test {}
[info] +  cloud.firestore: rules file firestore.rules compiled successfully 
[debug] [2022-08-15T10:12:53.988Z] >>> [apiv2][query] GET https://firebase.googleapis.com/v1beta1/projects/swdsl-admin [none]
[debug] [2022-08-15T10:12:54.440Z] <<< [apiv2][status] GET https://firebase.googleapis.com/v1beta1/projects/swdsl-admin 200
[debug] [2022-08-15T10:12:54.441Z] <<< [apiv2][body] GET https://firebase.googleapis.com/v1beta1/projects/swdsl-admin {"projectId":"swdsl-admin","projectNumber":"688028260680","displayName":"swdsl-admin","name":"projects/swdsl-admin","resources":{"hostingSite":"swdsl-admin","storageBucket":"swdsl-admin.appspot.com","locationId":"us-central"},"state":"ACTIVE","etag":"1_d8420d83-0ce7-4727-b692-ce071ec08f7c"}
[debug] [2022-08-15T10:12:54.449Z] >>> [apiv2][query] POST https://firebasehosting.googleapis.com/v1beta1/projects/688028260680/sites/swdsl-admin/versions [none]
[debug] [2022-08-15T10:12:54.449Z] >>> [apiv2][body] POST https://firebasehosting.googleapis.com/v1beta1/projects/688028260680/sites/swdsl-admin/versions {"config":{"rewrites":[{"glob":"**","path":"/index.html"}]},"labels":{"deployment-tool":"cli-firebase"}}
[debug] [2022-08-15T10:12:56.419Z] <<< [apiv2][status] POST https://firebasehosting.googleapis.com/v1beta1/projects/688028260680/sites/swdsl-admin/versions 200
[debug] [2022-08-15T10:12:56.420Z] <<< [apiv2][body] POST https://firebasehosting.googleapis.com/v1beta1/projects/688028260680/sites/swdsl-admin/versions {"name":"projects/688028260680/sites/swdsl-admin/versions/cbad1ed5de8bd84d","status":"CREATED","config":{"rewrites":[{"glob":"**","path":"/index.html"}]},"labels":{"deployment-tool":"cli-firebase"}}
[debug] [2022-08-15T10:12:56.425Z] >>> [apiv2][query] GET https://firebaserules.googleapis.com/v1/projects/swdsl-admin/releases pageSize=10&pageToken=
[debug] [2022-08-15T10:12:57.385Z] <<< [apiv2][status] GET https://firebaserules.googleapis.com/v1/projects/swdsl-admin/releases 200
[debug] [2022-08-15T10:12:57.385Z] <<< [apiv2][body] GET https://firebaserules.googleapis.com/v1/projects/swdsl-admin/releases {"releases":[{"name":"projects/swdsl-admin/releases/cloud.firestore","rulesetName":"projects/swdsl-admin/rulesets/84a56b54-f75f-4b52-9c33-4a11a58a5872","createTime":"2021-10-22T00:49:32.175685Z","updateTime":"2022-08-15T10:18:10.777822Z"},{"name":"projects/swdsl-admin/releases/firebase.storage/swdsl-admin.appspot.com","rulesetName":"projects/swdsl-admin/rulesets/ff2fa322-df01-4ebb-b049-c6fef29f9f21","createTime":"2021-10-22T00:49:17.643891Z","updateTime":"2022-08-15T10:18:09.680526Z"}]}
[debug] [2022-08-15T10:12:57.450Z] >>> [apiv2][query] GET https://firebaserules.googleapis.com/v1/projects/swdsl-admin/rulesets/ff2fa322-df01-4ebb-b049-c6fef29f9f21 [none]
[debug] [2022-08-15T10:12:58.406Z] <<< [apiv2][status] GET https://firebaserules.googleapis.com/v1/projects/swdsl-admin/rulesets/ff2fa322-df01-4ebb-b049-c6fef29f9f21 200
[debug] [2022-08-15T10:12:58.407Z] <<< [apiv2][body] GET https://firebaserules.googleapis.com/v1/projects/swdsl-admin/rulesets/ff2fa322-df01-4ebb-b049-c6fef29f9f21 [omitted]
[info] i  storage: latest version of storage.rules already up to date, skipping upload... 
[debug] [2022-08-15T10:12:58.423Z] >>> [apiv2][query] GET https://firebaserules.googleapis.com/v1/projects/swdsl-admin/releases pageSize=10&pageToken=
[debug] [2022-08-15T10:12:58.433Z] >>> [apiv2][query] GET https://firestore.googleapis.com/v1/projects/swdsl-admin/databases/(default)/collectionGroups/-/indexes [none]
[debug] [2022-08-15T10:12:59.377Z] <<< [apiv2][status] GET https://firebaserules.googleapis.com/v1/projects/swdsl-admin/releases 200
[debug] [2022-08-15T10:12:59.378Z] <<< [apiv2][body] GET https://firebaserules.googleapis.com/v1/projects/swdsl-admin/releases {"releases":[{"name":"projects/swdsl-admin/releases/cloud.firestore","rulesetName":"projects/swdsl-admin/rulesets/84a56b54-f75f-4b52-9c33-4a11a58a5872","createTime":"2021-10-22T00:49:32.175685Z","updateTime":"2022-08-15T10:18:10.777822Z"},{"name":"projects/swdsl-admin/releases/firebase.storage/swdsl-admin.appspot.com","rulesetName":"projects/swdsl-admin/rulesets/ff2fa322-df01-4ebb-b049-c6fef29f9f21","createTime":"2021-10-22T00:49:17.643891Z","updateTime":"2022-08-15T10:18:09.680526Z"}]}
[debug] [2022-08-15T10:12:59.379Z] >>> [apiv2][query] GET https://firebaserules.googleapis.com/v1/projects/swdsl-admin/rulesets/84a56b54-f75f-4b52-9c33-4a11a58a5872 [none]
[debug] [2022-08-15T10:13:00.022Z] <<< [apiv2][status] GET https://firestore.googleapis.com/v1/projects/swdsl-admin/databases/(default)/collectionGroups/-/indexes 200
[debug] [2022-08-15T10:13:00.023Z] <<< [apiv2][body] GET https://firestore.googleapis.com/v1/projects/swdsl-admin/databases/(default)/collectionGroups/-/indexes {}
[debug] [2022-08-15T10:13:00.024Z] >>> [apiv2][query] GET https://firestore.googleapis.com/v1/projects/swdsl-admin/databases/(default)/collectionGroups/-/fields?filter=indexConfig.usesAncestorConfig=false [none]
[debug] [2022-08-15T10:13:00.323Z] <<< [apiv2][status] GET https://firebaserules.googleapis.com/v1/projects/swdsl-admin/rulesets/84a56b54-f75f-4b52-9c33-4a11a58a5872 200
[debug] [2022-08-15T10:13:00.323Z] <<< [apiv2][body] GET https://firebaserules.googleapis.com/v1/projects/swdsl-admin/rulesets/84a56b54-f75f-4b52-9c33-4a11a58a5872 [omitted]
[info] i  firestore: latest version of firestore.rules already up to date, skipping upload... 
[debug] [2022-08-15T10:13:01.661Z] <<< [apiv2][status] GET https://firestore.googleapis.com/v1/projects/swdsl-admin/databases/(default)/collectionGroups/-/fields?filter=indexConfig.usesAncestorConfig=false 200
[debug] [2022-08-15T10:13:01.661Z] <<< [apiv2][body] GET https://firestore.googleapis.com/v1/projects/swdsl-admin/databases/(default)/collectionGroups/-/fields?filter=indexConfig.usesAncestorConfig=false {"fields":[{"name":"projects/swdsl-admin/databases/(default)/collectionGroups/__default__/fields/*","indexConfig":{"indexes":[{"queryScope":"COLLECTION","fields":[{"fieldPath":"*","order":"ASCENDING"}],"state":"READY"},{"queryScope":"COLLECTION","fields":[{"fieldPath":"*","order":"DESCENDING"}],"state":"READY"},{"queryScope":"COLLECTION","fields":[{"fieldPath":"*","arrayConfig":"CONTAINS"}],"state":"READY"}]}}]}
[info] +  firestore: deployed indexes in firestore.indexes.json successfully 
[info] i  hosting[swdsl-admin]: beginning deploy... 
[info] i  hosting[swdsl-admin]: found 28 files in dist 
[debug] [2022-08-15T10:13:01.778Z] [hosting] uploading with 200 concurrency
[debug] [2022-08-15T10:13:03.550Z] [hosting] hash cache [ZGlzdA] stored for 28 files
[debug] [2022-08-15T10:13:03.550Z] [hosting][hash queue][FINAL] {"max":1709,"min":984,"avg":1051.75,"active":0,"complete":28,"success":28,"errored":0,"retried":0,"total":28,"elapsed":1756}
[debug] [2022-08-15T10:13:03.554Z] >>> [apiv2][query] POST https://firebasehosting.googleapis.com/v1beta1/projects/688028260680/sites/swdsl-admin/versions/cbad1ed5de8bd84d:populateFiles [none]
[debug] [2022-08-15T10:13:03.554Z] >>> [apiv2][body] POST https://firebasehosting.googleapis.com/v1beta1/projects/688028260680/sites/swdsl-admin/versions/cbad1ed5de8bd84d:populateFiles {"files":{"/index.html":"3c300531b1521074b881e998a1ba7461245adc35b4b1f8caaeefccf5ad05df8d","/assets/App.f29e6bc9.js":"f2407d5ff47714f85ac5e9eb6494c0554b48a751246096e96199588f22976330","/assets/dashboard.0fc4f11f.js":"ea38d78e6f1f2bbda3a04099885a4a1b3e81929e3e8a81d04500d27acb6406cd","/assets/index.3b09abeb.js":"96a2647ba947b4188b5272d16f2803d279a5d1250cadf42002dae410afade958","/assets/index.3f503ca6.js":"afe765915c8819f50724aa257c3d5b6b6948eb50cf667b3114f74bff673eaa0d","/assets/index.4f8472d7.js":"d870da4d8411deb15288249301ccff9a6d8f4588ee60f62d117596cd7cad4167","/assets/favicon.85c73de5.ico":"cd0f6a85333c550d33c4812a64cb27fb2433ce505efb57b1d3015211a5033a62","/assets/index.5fe7e318.css":"631e39d281296e165f397ab27515e8b99eb0d0a507e79615cb01a4258783ad0c","/assets/index.66f62dd3.js":"a797d9a578004f6235e838fd5bdd56072eb1c6f9cfdf0e32c6016c1af9430e9c","/assets/index.b3772f6e.js":"036c551674808fcf74bf02d1c35cdd4f3d2b8cc359a21a6578a7ce9614b8fc7b","/assets/index.d5a0ae69.js":"564a045dab91d9604db8154e5abb1d8f4a3b3af4afad94f3b98a9f1490491939","/assets/index.esm.1c0ebe79.js":"f35002cae9d0bed5e7e2802940097e9dad58b2a70c7a15d64ff09ce15e983772","/assets/index.esm.506d4345.js":"523146546b456257cca401f9e7c02f8e52dd5be0e3c576132ae21e4dd097fa64","/assets/index.esm.7bc2a228.js":"f0beafc40a1429e0913453cd4abe3aa11363868367991de4f2aabfd7cb4c79c8","/assets/index.ff14408e.js":"6f6410282eba3b1acf792d5b1702466567e0784f764b9ac70ede42ee22d654fc","/assets/login.cb935894.js":"7d66c3a009e077558a2351c19308c9aacde73fdd1271fa0bebfc550503303045","/assets/index.esm.8ca48edb.js":"9b12e8c4682a717defd03a2966f1e5ebf6154ae4f954e0c98aa092b5ce5f75bd","/assets/orders.1a1ee85c.js":"487116ae65db8a8f5bfae72b4cafd353af4353a79feaeb98d59ed4c7f1c8f571","/assets/ProductActions.f8505102.js":"51b1c2cd0f476ae7e375d0b68a9d4c17930aea0f66067acad0597fac47931198","/assets/ProductBadge.48304bbd.js":"2cfdde33750f00f331cca38cd54f4c82588380c89de87c1e00d633efe064c029","/assets/ProductDelete.f7bcfd67.js":"12c9fff0487803116bd5024f6bedee553d799419d7fdf40c31bdec02d639de39","/assets/ProductDetails.2131b3da.js":"11479d573925a0c3082dab0cb997dfb902e03da9b33b7d799024fef6689b2331","/assets/ProductEdit.c1e35593.js":"b89df159393ec24c98272f966722d35683341e5b035c228e1205a30af69214f2","/assets/ProductList.0a1df1d7.js":"b88b5306e713eb76656a9d67148b2a0fbd80cc2c7f18a0cf2cd62dbdd8571218","/assets/Products.3cf73a11.js":"24d0a1dd7da101edd1aee5e41627b71023df56ad5aab0524c31c8d8945d0186d","/assets/upload.5d9735f3.js":"9b1e43df6383f09cd6ff2ba58988fe9d8801a7b51c08e6d9d377f805f1f7275e","/assets/swdsl-logo.97f17b08.svg":"25e0dda503089df0f9ab81ca187f7b9f571583e3c718dd562830ffaf3f3e3cba","/assets/index.c79d2d1d.js":"a77fb69f20aed83602fec5aa596a1dfadb85f6be91d9b6289e80b89530ca1643"}}
